\BOOKMARK [1][-]{section.1}{\376\377\000I\000n\000t\000r\000o\000d\000u\000c\000t\000i\000o\000n}{}% 1
\BOOKMARK [1][-]{section.2}{\376\377\000R\000e\000l\000a\000t\000e\000d\000\040\000W\000o\000r\000k}{}% 2
\BOOKMARK [1][-]{section.3}{\376\377\000M\000e\000t\000h\000o\000d\000o\000l\000o\000g\000y}{}% 3
\BOOKMARK [2][-]{subsection.3.1}{\376\377\000B\000a\000s\000e\000l\000i\000n\000e\000\040\000A\000p\000p\000r\000o\000a\000c\000h\000:\000\040\000H\000-\000P\000S\000R\000S}{section.3}% 4
\BOOKMARK [3][-]{subsubsection.3.1.1}{\376\377\000H\000-\000P\000S\000R\000S\000\040\000C\000o\000m\000p\000l\000e\000x\000i\000t\000y\000\040\000A\000n\000a\000l\000y\000s\000i\000s}{subsection.3.1}% 5
\BOOKMARK [2][-]{subsection.3.2}{\376\377\000P\000r\000o\000p\000o\000s\000e\000d\000\040\000A\000p\000p\000r\000o\000a\000c\000h\000:\000\040\000H\000-\000P\000S\000L\000P}{section.3}% 6
\BOOKMARK [3][-]{subsubsection.3.2.1}{\376\377\000L\000i\000n\000e\000a\000r\000\040\000P\000r\000o\000g\000r\000a\000m\000m\000i\000n\000g\000\040\000F\000o\000r\000m\000u\000l\000a\000t\000i\000o\000n}{subsection.3.2}% 7
\BOOKMARK [3][-]{subsubsection.3.2.2}{\376\377\000H\000-\000P\000S\000L\000P\000\040\000C\000o\000m\000p\000l\000e\000x\000i\000t\000y\000\040\000A\000n\000a\000l\000y\000s\000i\000s}{subsection.3.2}% 8
\BOOKMARK [2][-]{subsection.3.3}{\376\377\000K\000e\000y\000\040\000A\000d\000v\000a\000n\000t\000a\000g\000e\000s\000\040\000o\000f\000\040\000H\000-\000P\000S\000L\000P}{section.3}% 9
\BOOKMARK [1][-]{section.4}{\376\377\000E\000x\000p\000e\000r\000i\000m\000e\000n\000t\000a\000l\000\040\000S\000e\000t\000u\000p}{}% 10
\BOOKMARK [2][-]{subsection.4.1}{\376\377\000S\000i\000m\000u\000l\000a\000t\000i\000o\000n\000\040\000E\000n\000v\000i\000r\000o\000n\000m\000e\000n\000t\000\040\000a\000n\000d\000\040\000T\000o\000o\000l\000s}{section.4}% 11
\BOOKMARK [2][-]{subsection.4.2}{\376\377\000C\000l\000u\000s\000t\000e\000r\000\040\000C\000o\000n\000f\000i\000g\000u\000r\000a\000t\000i\000o\000n\000\040\000G\000e\000n\000e\000r\000a\000t\000i\000o\000n}{section.4}% 12
\BOOKMARK [2][-]{subsection.4.3}{\376\377\000H\000e\000t\000e\000r\000o\000g\000e\000n\000e\000o\000u\000s\000\040\000P\000e\000r\000f\000o\000r\000m\000a\000n\000c\000e\000\040\000S\000i\000m\000u\000l\000a\000t\000i\000o\000n}{section.4}% 13
\BOOKMARK [2][-]{subsection.4.4}{\376\377\000D\000a\000t\000a\000s\000e\000t\000\040\000G\000e\000n\000e\000r\000a\000t\000i\000o\000n\000\040\000a\000n\000d\000\040\000C\000h\000a\000r\000a\000c\000t\000e\000r\000i\000s\000t\000i\000c\000s}{section.4}% 14
\BOOKMARK [2][-]{subsection.4.5}{\376\377\000P\000e\000r\000f\000o\000r\000m\000a\000n\000c\000e\000\040\000M\000e\000t\000r\000i\000c\000s}{section.4}% 15
\BOOKMARK [2][-]{subsection.4.6}{\376\377\000E\000x\000p\000e\000r\000i\000m\000e\000n\000t\000a\000l\000\040\000D\000e\000s\000i\000g\000n\000\040\000a\000n\000d\000\040\000P\000r\000o\000c\000e\000d\000u\000r\000e}{section.4}% 16
\BOOKMARK [1][-]{section.5}{\376\377\000R\000e\000s\000u\000l\000t\000s}{}% 17
\BOOKMARK [2][-]{subsection.5.1}{\376\377\000P\000e\000r\000f\000o\000r\000m\000a\000n\000c\000e\000\040\000M\000e\000t\000r\000i\000c\000s\000\040\000C\000a\000l\000c\000u\000l\000a\000t\000i\000o\000n}{section.5}% 18
\BOOKMARK [2][-]{subsection.5.2}{\376\377\000D\000e\000t\000a\000i\000l\000e\000d\000\040\000R\000e\000s\000u\000l\000t\000s\000\040\000p\000e\000r\000\040\000E\000x\000p\000e\000r\000i\000m\000e\000n\000t\000a\000l\000\040\000R\000u\000n}{section.5}% 19
\BOOKMARK [3][-]{subsubsection.5.2.1}{\376\377\000R\000u\000n\000\040\0001\000:\000\040\000U\000n\000i\000f\000o\000r\000m\000\040\000D\000i\000s\000t\000r\000i\000b\000u\000t\000i\000o\000n\000,\000\040\0004\000\040\000N\000o\000d\000e\000s\000,\000\040\000S\000e\000e\000d\000\040\0004}{subsection.5.2}% 20
\BOOKMARK [3][-]{subsubsection.5.2.2}{\376\377\000R\000u\000n\000\040\0002\000:\000\040\000U\000n\000i\000f\000o\000r\000m\000\040\000D\000i\000s\000t\000r\000i\000b\000u\000t\000i\000o\000n\000,\000\040\0004\000\040\000N\000o\000d\000e\000s\000,\000\040\000S\000e\000e\000d\000\040\0005}{subsection.5.2}% 21
\BOOKMARK [3][-]{subsubsection.5.2.3}{\376\377\000R\000u\000n\000\040\0003\000:\000\040\000U\000n\000i\000f\000o\000r\000m\000\040\000D\000i\000s\000t\000r\000i\000b\000u\000t\000i\000o\000n\000,\000\040\0008\000\040\000N\000o\000d\000e\000s\000,\000\040\000S\000e\000e\000d\000\040\0004}{subsection.5.2}% 22
\BOOKMARK [3][-]{subsubsection.5.2.4}{\376\377\000R\000u\000n\000\040\0004\000:\000\040\000U\000n\000i\000f\000o\000r\000m\000\040\000D\000i\000s\000t\000r\000i\000b\000u\000t\000i\000o\000n\000,\000\040\0008\000\040\000N\000o\000d\000e\000s\000,\000\040\000S\000e\000e\000d\000\040\0005}{subsection.5.2}% 23
\BOOKMARK [3][-]{subsubsection.5.2.5}{\376\377\000R\000u\000n\000\040\0005\000:\000\040\000G\000a\000u\000s\000s\000i\000a\000n\000\040\000D\000i\000s\000t\000r\000i\000b\000u\000t\000i\000o\000n\000,\000\040\0004\000\040\000N\000o\000d\000e\000s\000,\000\040\000S\000e\000e\000d\000\040\0004}{subsection.5.2}% 24
\BOOKMARK [3][-]{subsubsection.5.2.6}{\376\377\000R\000u\000n\000\040\0006\000:\000\040\000G\000a\000u\000s\000s\000i\000a\000n\000\040\000D\000i\000s\000t\000r\000i\000b\000u\000t\000i\000o\000n\000,\000\040\0004\000\040\000N\000o\000d\000e\000s\000,\000\040\000S\000e\000e\000d\000\040\0005}{subsection.5.2}% 25
\BOOKMARK [3][-]{subsubsection.5.2.7}{\376\377\000R\000u\000n\000\040\0007\000:\000\040\000G\000a\000u\000s\000s\000i\000a\000n\000\040\000D\000i\000s\000t\000r\000i\000b\000u\000t\000i\000o\000n\000,\000\040\0008\000\040\000N\000o\000d\000e\000s\000,\000\040\000S\000e\000e\000d\000\040\0004}{subsection.5.2}% 26
\BOOKMARK [3][-]{subsubsection.5.2.8}{\376\377\000R\000u\000n\000\040\0008\000:\000\040\000G\000a\000u\000s\000s\000i\000a\000n\000\040\000D\000i\000s\000t\000r\000i\000b\000u\000t\000i\000o\000n\000,\000\040\0008\000\040\000N\000o\000d\000e\000s\000,\000\040\000S\000e\000e\000d\000\040\0005}{subsection.5.2}% 27
\BOOKMARK [2][-]{subsection.5.3}{\376\377\000A\000g\000g\000r\000e\000g\000a\000t\000e\000d\000\040\000R\000e\000s\000u\000l\000t\000s\000\040\000a\000n\000d\000\040\000A\000v\000e\000r\000a\000g\000e\000s}{section.5}% 28
\BOOKMARK [3][-]{subsubsection.5.3.1}{\376\377\000C\000o\000n\000f\000i\000g\000u\000r\000a\000t\000i\000o\000n\000:\000\040\000U\000n\000i\000f\000o\000r\000m\000\040\000D\000i\000s\000t\000r\000i\000b\000u\000t\000i\000o\000n\000,\000\040\0004\000\040\000N\000o\000d\000e\000s\000\040\000\050\000R\000u\000n\000s\000\040\0001\000\040\000\046\000\040\0002\000\051}{subsection.5.3}% 29
\BOOKMARK [3][-]{subsubsection.5.3.2}{\376\377\000C\000o\000n\000f\000i\000g\000u\000r\000a\000t\000i\000o\000n\000:\000\040\000U\000n\000i\000f\000o\000r\000m\000\040\000D\000i\000s\000t\000r\000i\000b\000u\000t\000i\000o\000n\000,\000\040\0008\000\040\000N\000o\000d\000e\000s\000\040\000\050\000R\000u\000n\000s\000\040\0003\000\040\000\046\000\040\0004\000\051}{subsection.5.3}% 30
\BOOKMARK [3][-]{subsubsection.5.3.3}{\376\377\000C\000o\000n\000f\000i\000g\000u\000r\000a\000t\000i\000o\000n\000:\000\040\000G\000a\000u\000s\000s\000i\000a\000n\000\040\000D\000i\000s\000t\000r\000i\000b\000u\000t\000i\000o\000n\000,\000\040\0004\000\040\000N\000o\000d\000e\000s\000\040\000\050\000R\000u\000n\000s\000\040\0005\000\040\000\046\000\040\0006\000\051}{subsection.5.3}% 31
\BOOKMARK [3][-]{subsubsection.5.3.4}{\376\377\000C\000o\000n\000f\000i\000g\000u\000r\000a\000t\000i\000o\000n\000:\000\040\000G\000a\000u\000s\000s\000i\000a\000n\000\040\000D\000i\000s\000t\000r\000i\000b\000u\000t\000i\000o\000n\000,\000\040\0008\000\040\000N\000o\000d\000e\000s\000\040\000\050\000R\000u\000n\000s\000\040\0007\000\040\000\046\000\040\0008\000\051}{subsection.5.3}% 32
\BOOKMARK [2][-]{subsection.5.4}{\376\377\000V\000i\000s\000u\000a\000l\000\040\000P\000e\000r\000f\000o\000r\000m\000a\000n\000c\000e\000\040\000C\000o\000m\000p\000a\000r\000i\000s\000o\000n\000s}{section.5}% 33
\BOOKMARK [1][-]{section.6}{\376\377\000D\000i\000s\000c\000u\000s\000s\000i\000o\000n}{}% 34
\BOOKMARK [2][-]{subsection.6.1}{\376\377\000K\000e\000y\000\040\000F\000i\000n\000d\000i\000n\000g\000s\000\040\000S\000u\000m\000m\000a\000r\000y}{section.6}% 35
\BOOKMARK [2][-]{subsection.6.2}{\376\377\000O\000v\000e\000r\000a\000l\000l\000\040\000P\000e\000r\000f\000o\000r\000m\000a\000n\000c\000e\000\040\000\050\000M\000a\000k\000e\000s\000p\000a\000n\000\040\000a\000n\000d\000\040\000C\000o\000s\000t\000\051}{section.6}% 36
\BOOKMARK [2][-]{subsection.6.3}{\376\377\000I\000m\000p\000a\000c\000t\000\040\000o\000f\000\040\000D\000a\000t\000a\000\040\000D\000i\000s\000t\000r\000i\000b\000u\000t\000i\000o\000n\000\040\000\050\000U\000n\000i\000f\000o\000r\000m\000\040\000v\000s\000.\000\040\000G\000a\000u\000s\000s\000i\000a\000n\000\051}{section.6}% 37
\BOOKMARK [2][-]{subsection.6.4}{\376\377\000I\000m\000p\000a\000c\000t\000\040\000o\000f\000\040\000N\000o\000d\000e\000\040\000C\000o\000u\000n\000t\000\040\000\050\0004\000\040\000N\000o\000d\000e\000s\000\040\000v\000s\000.\000\040\0008\000\040\000N\000o\000d\000e\000s\000\051}{section.6}% 38
\BOOKMARK [2][-]{subsection.6.5}{\376\377\000M\000e\000m\000o\000r\000y\000\040\000M\000a\000n\000a\000g\000e\000m\000e\000n\000t\000\040\040\023\000\040\000A\000\040\000D\000e\000c\000i\000s\000i\000v\000e\000\040\000F\000a\000c\000t\000o\000r}{section.6}% 39
\BOOKMARK [2][-]{subsection.6.6}{\376\377\000E\000f\000f\000e\000c\000t\000i\000v\000e\000n\000e\000s\000s\000\040\000o\000f\000\040\000t\000h\000e\000\040\000L\000P\000\040\000S\000o\000l\000v\000e\000r\000\040\000i\000n\000\040\000H\000-\000P\000S\000L\000P}{section.6}% 40
\BOOKMARK [2][-]{subsection.6.7}{\376\377\000C\000o\000n\000s\000i\000s\000t\000e\000n\000c\000y\000\040\000w\000i\000t\000h\000\040\000T\000h\000e\000o\000r\000e\000t\000i\000c\000a\000l\000\040\000A\000d\000v\000a\000n\000t\000a\000g\000e\000s}{section.6}% 41
\BOOKMARK [2][-]{subsection.6.8}{\376\377\000I\000n\000d\000u\000s\000t\000r\000y\000\040\000I\000m\000p\000l\000i\000c\000a\000t\000i\000o\000n\000s}{section.6}% 42
\BOOKMARK [2][-]{subsection.6.9}{\376\377\000L\000i\000m\000i\000t\000a\000t\000i\000o\000n\000s\000\040\000a\000n\000d\000\040\000F\000u\000t\000u\000r\000e\000\040\000W\000o\000r\000k}{section.6}% 43
\BOOKMARK [1][-]{section.7}{\376\377\000C\000o\000n\000c\000l\000u\000s\000i\000o\000n}{}% 44
\BOOKMARK [1][-]{appendix.A}{\376\377\000U\000n\000i\000f\000o\000r\000m\000,\000\040\000F\000i\000r\000s\000t\000\040\000R\000u\000n\000,\000\040\000F\000o\000u\000r\000\040\000N\000o\000d\000e\000s\000,\000\040\000S\000e\000e\000d\000\040\000F\000o\000u\000r}{}% 45
\BOOKMARK [2][-]{subsection.A.1}{\376\377\000C\000l\000u\000s\000t\000e\000r\000\040\000C\000o\000n\000f\000i\000g\000u\000r\000a\000t\000i\000o\000n}{appendix.A}% 46
\BOOKMARK [2][-]{subsection.A.2}{\376\377\000S\000e\000q\000u\000e\000n\000t\000i\000a\000l\000\040\000B\000a\000s\000e\000l\000i\000n\000e}{appendix.A}% 47
\BOOKMARK [2][-]{subsection.A.3}{\376\377\000R\000e\000g\000u\000l\000a\000r\000\040\000S\000a\000m\000p\000l\000i\000n\000g\000\040\000A\000p\000p\000r\000o\000a\000c\000h}{appendix.A}% 48
\BOOKMARK [2][-]{subsection.A.4}{\376\377\000S\000t\000a\000t\000i\000c\000\040\000O\000p\000t\000i\000m\000i\000z\000e\000d\000\040\000A\000p\000p\000r\000o\000a\000c\000h}{appendix.A}% 49
\BOOKMARK [1][-]{appendix.B}{\376\377\000U\000n\000i\000f\000o\000r\000m\000,\000\040\000S\000e\000c\000o\000n\000d\000\040\000R\000u\000n\000,\000\040\000F\000o\000u\000r\000\040\000N\000o\000d\000e\000s\000,\000\040\000S\000e\000e\000d\000\040\000F\000i\000v\000e}{}% 50
\BOOKMARK [2][-]{subsection.B.1}{\376\377\000C\000l\000u\000s\000t\000e\000r\000\040\000C\000o\000n\000f\000i\000g\000u\000r\000a\000t\000i\000o\000n}{appendix.B}% 51
\BOOKMARK [2][-]{subsection.B.2}{\376\377\000S\000e\000q\000u\000e\000n\000t\000i\000a\000l\000\040\000B\000a\000s\000e\000l\000i\000n\000e}{appendix.B}% 52
\BOOKMARK [2][-]{subsection.B.3}{\376\377\000R\000e\000g\000u\000l\000a\000r\000\040\000S\000a\000m\000p\000l\000i\000n\000g\000\040\000A\000p\000p\000r\000o\000a\000c\000h}{appendix.B}% 53
\BOOKMARK [2][-]{subsection.B.4}{\376\377\000S\000t\000a\000t\000i\000c\000\040\000O\000p\000t\000i\000m\000i\000z\000e\000d\000\040\000A\000p\000p\000r\000o\000a\000c\000h}{appendix.B}% 54
\BOOKMARK [1][-]{appendix.C}{\376\377\000U\000n\000i\000f\000o\000r\000m\000,\000\040\000T\000h\000i\000r\000d\000\040\000R\000u\000n\000,\000\040\000E\000i\000g\000h\000t\000\040\000N\000o\000d\000e\000s\000,\000\040\000S\000e\000e\000d\000\040\000F\000o\000u\000r}{}% 55
\BOOKMARK [2][-]{subsection.C.1}{\376\377\000C\000l\000u\000s\000t\000e\000r\000\040\000C\000o\000n\000f\000i\000g\000u\000r\000a\000t\000i\000o\000n}{appendix.C}% 56
\BOOKMARK [2][-]{subsection.C.2}{\376\377\000S\000e\000q\000u\000e\000n\000t\000i\000a\000l\000\040\000B\000a\000s\000e\000l\000i\000n\000e}{appendix.C}% 57
\BOOKMARK [2][-]{subsection.C.3}{\376\377\000R\000e\000g\000u\000l\000a\000r\000\040\000S\000a\000m\000p\000l\000i\000n\000g\000\040\000A\000p\000p\000r\000o\000a\000c\000h}{appendix.C}% 58
\BOOKMARK [2][-]{subsection.C.4}{\376\377\000S\000t\000a\000t\000i\000c\000\040\000O\000p\000t\000i\000m\000i\000z\000e\000d\000\040\000A\000p\000p\000r\000o\000a\000c\000h}{appendix.C}% 59
\BOOKMARK [1][-]{appendix.D}{\376\377\000U\000n\000i\000f\000o\000r\000m\000,\000\040\000F\000o\000u\000r\000t\000h\000\040\000R\000u\000n\000,\000\040\000E\000i\000g\000h\000t\000\040\000N\000o\000d\000e\000s\000,\000\040\000S\000e\000e\000d\000\040\000F\000i\000v\000e}{}% 60
\BOOKMARK [2][-]{subsection.D.1}{\376\377\000C\000l\000u\000s\000t\000e\000r\000\040\000C\000o\000n\000f\000i\000g\000u\000r\000a\000t\000i\000o\000n}{appendix.D}% 61
\BOOKMARK [2][-]{subsection.D.2}{\376\377\000S\000e\000q\000u\000e\000n\000t\000i\000a\000l\000\040\000B\000a\000s\000e\000l\000i\000n\000e}{appendix.D}% 62
\BOOKMARK [2][-]{subsection.D.3}{\376\377\000R\000e\000g\000u\000l\000a\000r\000\040\000S\000a\000m\000p\000l\000i\000n\000g\000\040\000A\000p\000p\000r\000o\000a\000c\000h}{appendix.D}% 63
\BOOKMARK [2][-]{subsection.D.4}{\376\377\000S\000t\000a\000t\000i\000c\000\040\000O\000p\000t\000i\000m\000i\000z\000e\000d\000\040\000A\000p\000p\000r\000o\000a\000c\000h}{appendix.D}% 64
\BOOKMARK [1][-]{appendix.E}{\376\377\000G\000a\000u\000s\000s\000i\000a\000n\000,\000\040\000F\000i\000f\000t\000h\000\040\000R\000u\000n\000,\000\040\000F\000o\000u\000r\000\040\000N\000o\000d\000e\000s\000,\000\040\000S\000e\000e\000d\000\040\000F\000o\000u\000r\000,\000\040\000M\000e\000a\000n\000\040\0002\0005\0002\0000\0000\0000\000,\000\040\000S\000t\000d\000\040\0001\0000\0000\0000\0000\0000}{}% 65
\BOOKMARK [2][-]{subsection.E.1}{\376\377\000C\000l\000u\000s\000t\000e\000r\000\040\000C\000o\000n\000f\000i\000g\000u\000r\000a\000t\000i\000o\000n}{appendix.E}% 66
\BOOKMARK [2][-]{subsection.E.2}{\376\377\000S\000e\000q\000u\000e\000n\000t\000i\000a\000l\000\040\000B\000a\000s\000e\000l\000i\000n\000e}{appendix.E}% 67
\BOOKMARK [2][-]{subsection.E.3}{\376\377\000R\000e\000g\000u\000l\000a\000r\000\040\000S\000a\000m\000p\000l\000i\000n\000g\000\040\000A\000p\000p\000r\000o\000a\000c\000h}{appendix.E}% 68
\BOOKMARK [2][-]{subsection.E.4}{\376\377\000S\000t\000a\000t\000i\000c\000\040\000O\000p\000t\000i\000m\000i\000z\000e\000d\000\040\000A\000p\000p\000r\000o\000a\000c\000h}{appendix.E}% 69
\BOOKMARK [1][-]{appendix.F}{\376\377\000G\000a\000u\000s\000s\000i\000a\000n\000,\000\040\000S\000i\000x\000t\000h\000\040\000R\000u\000n\000,\000\040\000F\000o\000u\000r\000\040\000N\000o\000d\000e\000s\000,\000\040\000S\000e\000e\000d\000\040\000F\000i\000v\000e\000,\000\040\000M\000e\000a\000n\000\040\0002\0005\0002\0000\0000\0000\000,\000\040\000S\000t\000d\000\040\0001\0000\0000\0000\0000\0000}{}% 70
\BOOKMARK [2][-]{subsection.F.1}{\376\377\000C\000l\000u\000s\000t\000e\000r\000\040\000C\000o\000n\000f\000i\000g\000u\000r\000a\000t\000i\000o\000n}{appendix.F}% 71
\BOOKMARK [2][-]{subsection.F.2}{\376\377\000S\000e\000q\000u\000e\000n\000t\000i\000a\000l\000\040\000B\000a\000s\000e\000l\000i\000n\000e}{appendix.F}% 72
\BOOKMARK [2][-]{subsection.F.3}{\376\377\000R\000e\000g\000u\000l\000a\000r\000\040\000S\000a\000m\000p\000l\000i\000n\000g\000\040\000A\000p\000p\000r\000o\000a\000c\000h}{appendix.F}% 73
\BOOKMARK [2][-]{subsection.F.4}{\376\377\000S\000t\000a\000t\000i\000c\000\040\000O\000p\000t\000i\000m\000i\000z\000e\000d\000\040\000A\000p\000p\000r\000o\000a\000c\000h}{appendix.F}% 74
\BOOKMARK [1][-]{appendix.G}{\376\377\000G\000a\000u\000s\000s\000i\000a\000n\000,\000\040\000S\000e\000v\000e\000n\000t\000h\000\040\000R\000u\000n\000,\000\040\000E\000i\000g\000h\000t\000\040\000N\000o\000d\000e\000s\000,\000\040\000S\000e\000e\000d\000\040\000F\000o\000u\000r\000,\000\040\000M\000e\000a\000n\000\040\0002\0005\0002\0000\0000\0000\000,\000\040\000S\000t\000d\000\040\0001\0000\0000\0000\0000\0000}{}% 75
\BOOKMARK [2][-]{subsection.G.1}{\376\377\000C\000l\000u\000s\000t\000e\000r\000\040\000C\000o\000n\000f\000i\000g\000u\000r\000a\000t\000i\000o\000n}{appendix.G}% 76
\BOOKMARK [2][-]{subsection.G.2}{\376\377\000S\000e\000q\000u\000e\000n\000t\000i\000a\000l\000\040\000B\000a\000s\000e\000l\000i\000n\000e}{appendix.G}% 77
\BOOKMARK [2][-]{subsection.G.3}{\376\377\000R\000e\000g\000u\000l\000a\000r\000\040\000S\000a\000m\000p\000l\000i\000n\000g\000\040\000A\000p\000p\000r\000o\000a\000c\000h}{appendix.G}% 78
\BOOKMARK [2][-]{subsection.G.4}{\376\377\000S\000t\000a\000t\000i\000c\000\040\000O\000p\000t\000i\000m\000i\000z\000e\000d\000\040\000A\000p\000p\000r\000o\000a\000c\000h}{appendix.G}% 79
\BOOKMARK [1][-]{appendix.H}{\376\377\000G\000a\000u\000s\000s\000i\000a\000n\000,\000\040\000E\000i\000g\000h\000t\000\040\000R\000u\000n\000,\000\040\000E\000i\000g\000h\000t\000\040\000N\000o\000d\000e\000s\000,\000\040\000S\000e\000e\000d\000\040\000F\000i\000v\000e\000,\000\040\000M\000e\000a\000n\000\040\0002\0005\0002\0000\0000\0000\000,\000\040\000S\000t\000d\000\040\0001\0000\0000\0000\0000\0000}{}% 80
\BOOKMARK [2][-]{subsection.H.1}{\376\377\000C\000l\000u\000s\000t\000e\000r\000\040\000C\000o\000n\000f\000i\000g\000u\000r\000a\000t\000i\000o\000n}{appendix.H}% 81
\BOOKMARK [2][-]{subsection.H.2}{\376\377\000S\000e\000q\000u\000e\000n\000t\000i\000a\000l\000\040\000B\000a\000s\000e\000l\000i\000n\000e}{appendix.H}% 82
\BOOKMARK [2][-]{subsection.H.3}{\376\377\000R\000e\000g\000u\000l\000a\000r\000\040\000S\000a\000m\000p\000l\000i\000n\000g\000\040\000A\000p\000p\000r\000o\000a\000c\000h}{appendix.H}% 83
\BOOKMARK [2][-]{subsection.H.4}{\376\377\000S\000t\000a\000t\000i\000c\000\040\000O\000p\000t\000i\000m\000i\000z\000e\000d\000\040\000A\000p\000p\000r\000o\000a\000c\000h}{appendix.H}% 84
